Using pre-set license
Built from '2020.3/staging' branch; Version is '2020.3.11f1 (99c7afb366b3) revision 10078127'; Using compiler version '192528614'; Build Type 'Release'
OS: 'Windows 10 Home; OS build 19041.985; Version 2004; 64bit' Language: 'ru' Physical Memory: 8159 MB
BatchMode: 1, IsHumanControllingUs: 0, StartBugReporterOnCrash: 0, Is64bit: 1, IsPro: 0

 COMMAND LINE ARGUMENTS:
C:\Program Files\Unity\Hub\Editor\2020.3.11f1\Editor\Unity.exe
-adb2
-batchMode
-noUpm
-name
AssetImportWorker0
-projectPath
D:/unity/projects/GGJ2021/BattleCity
-logFile
Logs/AssetImportWorker0.log
-srvPort
64920
Successfully changed project path to: D:/unity/projects/GGJ2021/BattleCity
D:/unity/projects/GGJ2021/BattleCity
Using Asset Import Pipeline V2.
Refreshing native plugins compatible for Editor in 64.04 ms, found 3 plugins.
Preloading 0 native plugins for Editor in 0.00 ms.
Initialize engine version: 2020.3.11f1 (99c7afb366b3)
[Subsystems] Discovering subsystems at path C:/Program Files/Unity/Hub/Editor/2020.3.11f1/Editor/Data/Resources/UnitySubsystems
[Subsystems] Discovering subsystems at path D:/unity/projects/GGJ2021/BattleCity/Assets
GfxDevice: creating device client; threaded=0
Direct3D:
    Version:  Direct3D 11.0 [level 11.1]
    Renderer: NVIDIA GeForce GTX 1060 6GB (ID=0x1c03)
    Vendor:   
    VRAM:     6052 MB
    Driver:   27.21.14.6109
Initialize mono
Mono path[0] = 'C:/Program Files/Unity/Hub/Editor/2020.3.11f1/Editor/Data/Managed'
Mono path[1] = 'C:/Program Files/Unity/Hub/Editor/2020.3.11f1/Editor/Data/MonoBleedingEdge/lib/mono/unityjit'
Mono config path = 'C:/Program Files/Unity/Hub/Editor/2020.3.11f1/Editor/Data/MonoBleedingEdge/etc'
Using monoOptions --debugger-agent=transport=dt_socket,embedding=1,server=y,suspend=n,address=127.0.0.1:56496
Begin MonoManager ReloadAssembly
Registering precompiled unity dll's ...
Register platform support module: C:/Program Files/Unity/Hub/Editor/2020.3.11f1/Editor/Data/PlaybackEngines/WindowsStandaloneSupport/UnityEditor.WindowsStandalone.Extensions.dll
Registered in 0.003163 seconds.
Native extension for WindowsStandalone target not found
Refreshing native plugins compatible for Editor in 62.83 ms, found 3 plugins.
Preloading 0 native plugins for Editor in 0.00 ms.
Mono: successfully reloaded assembly
- Completed reload, in  1.534 seconds
Platform modules already initialized, skipping
Registering precompiled user dll's ...
Registered in 0.003868 seconds.
Begin MonoManager ReloadAssembly
Native extension for WindowsStandalone target not found
Refreshing native plugins compatible for Editor in 61.29 ms, found 3 plugins.
Preloading 0 native plugins for Editor in 0.00 ms.
Mono: successfully reloaded assembly
- Completed reload, in  1.603 seconds
Platform modules already initialized, skipping
========================================================================
Worker process is ready to serve import requests
Launched and connected shader compiler UnityShaderCompiler.exe after 0.05 seconds
Refreshing native plugins compatible for Editor in 0.54 ms, found 3 plugins.
Preloading 0 native plugins for Editor in 0.00 ms.
Unloading 2105 Unused Serialized files (Serialized files now loaded: 0)
System memory in use before: 93.5 MB.
System memory in use after: 93.5 MB.

Unloading 33 unused Assets to reduce memory usage. Loaded Objects now: 2540.
Total: 3.305800 ms (FindLiveObjects: 0.280600 ms CreateObjectMapping: 0.189100 ms MarkObjects: 2.649600 ms  DeleteObjects: 0.185100 ms)

========================================================================
Received Import Request.
  path: Assets/Map/Tank.prefab
  artifactKey: Guid(e5951b7d32b02304fad6b0f9fc15fa7f) Importer(815301076,1909f56bfc062723c751e8b465ee728b)
Start importing Assets/Map/Tank.prefab using Guid(e5951b7d32b02304fad6b0f9fc15fa7f) Importer(815301076,1909f56bfc062723c751e8b465ee728b)  -> (artifact id: 'dc7452c58b3cf6e9afc11fdcbace90e7') in 0.066161 seconds
  Import took 0.070708 seconds .

========================================================================
Received Import Request.
  Time since last request: 49.410123 seconds.
  path: Assets/BuilderPattern/Entites/Gun.cs
  artifactKey: Guid(fe0b3eda9d826e04a983206ac4b86d06) Importer(815301076,1909f56bfc062723c751e8b465ee728b)
Start importing Assets/BuilderPattern/Entites/Gun.cs using Guid(fe0b3eda9d826e04a983206ac4b86d06) Importer(815301076,1909f56bfc062723c751e8b465ee728b)  -> (artifact id: '0869c4adb418697958979944efda66b5') in 0.014722 seconds
  Import took 0.020423 seconds .

========================================================================
Received Prepare
Registering precompiled user dll's ...
Registered in 0.004888 seconds.
Begin MonoManager ReloadAssembly
Native extension for WindowsStandalone target not found
Refreshing native plugins compatible for Editor in 0.58 ms, found 3 plugins.
Preloading 0 native plugins for Editor in 0.00 ms.
Mono: successfully reloaded assembly
- Completed reload, in  1.557 seconds
Platform modules already initialized, skipping
Refreshing native plugins compatible for Editor in 0.69 ms, found 3 plugins.
Preloading 0 native plugins for Editor in 0.00 ms.
Unloading 2097 Unused Serialized files (Serialized files now loaded: 0)
System memory in use before: 93.4 MB.
System memory in use after: 93.4 MB.

Unloading 24 unused Assets to reduce memory usage. Loaded Objects now: 2541.
Total: 3.425600 ms (FindLiveObjects: 0.277200 ms CreateObjectMapping: 0.252600 ms MarkObjects: 2.736200 ms  DeleteObjects: 0.158000 ms)

========================================================================
Received Import Request.
  Time since last request: 120.353354 seconds.
  path: Assets/BuilderPattern/Base/Base.cs
  artifactKey: Guid(bdce1d98d76def547abc0558ecafc0ac) Importer(815301076,1909f56bfc062723c751e8b465ee728b)
Start importing Assets/BuilderPattern/Base/Base.cs using Guid(bdce1d98d76def547abc0558ecafc0ac) Importer(815301076,1909f56bfc062723c751e8b465ee728b)  -> (artifact id: '260512c4a83e995f58d5b419625358c5') in 0.015289 seconds
  Import took 0.019924 seconds .

========================================================================
Received Import Request.
  Time since last request: 30.182847 seconds.
  path: Assets/BuilderPattern/Repo/BaseRepo.cs
  artifactKey: Guid(cb7450af12bb68742a0eefe11b6f724c) Importer(815301076,1909f56bfc062723c751e8b465ee728b)
Start importing Assets/BuilderPattern/Repo/BaseRepo.cs using Guid(cb7450af12bb68742a0eefe11b6f724c) Importer(815301076,1909f56bfc062723c751e8b465ee728b)  -> (artifact id: 'e8e8b25214bae925befbef02a4803aac') in 0.021209 seconds
  Import took 0.026155 seconds .

========================================================================
Received Import Request.
  Time since last request: 2904.367544 seconds.
  path: Assets/BuilderPattern/Repo/BaseRepo.cs
  artifactKey: Guid(cb7450af12bb68742a0eefe11b6f724c) Importer(815301076,1909f56bfc062723c751e8b465ee728b)
Start importing Assets/BuilderPattern/Repo/BaseRepo.cs using Guid(cb7450af12bb68742a0eefe11b6f724c) Importer(815301076,1909f56bfc062723c751e8b465ee728b)  -> (artifact id: '03f5b64756f35c468299733125291010') in 0.009554 seconds
  Import took 0.081858 seconds .

========================================================================
Received Prepare
Registering precompiled user dll's ...
Registered in 0.004518 seconds.
Begin MonoManager ReloadAssembly
Native extension for WindowsStandalone target not found
Refreshing native plugins compatible for Editor in 0.71 ms, found 3 plugins.
Preloading 0 native plugins for Editor in 0.00 ms.
Mono: successfully reloaded assembly
- Completed reload, in  1.654 seconds
Platform modules already initialized, skipping
Refreshing native plugins compatible for Editor in 0.59 ms, found 3 plugins.
Preloading 0 native plugins for Editor in 0.00 ms.
Unloading 2098 Unused Serialized files (Serialized files now loaded: 0)
System memory in use before: 93.5 MB.
System memory in use after: 93.5 MB.

Unloading 21 unused Assets to reduce memory usage. Loaded Objects now: 2546.
Total: 3.966800 ms (FindLiveObjects: 0.276100 ms CreateObjectMapping: 0.248600 ms MarkObjects: 3.247000 ms  DeleteObjects: 0.193000 ms)

========================================================================
Received Import Request.
  Time since last request: 671.515445 seconds.
  path: Assets/Textures/TexturesList.cs
  artifactKey: Guid(23ca9da9733a5444c88cf40c584921f1) Importer(815301076,1909f56bfc062723c751e8b465ee728b)
Start importing Assets/Textures/TexturesList.cs using Guid(23ca9da9733a5444c88cf40c584921f1) Importer(815301076,1909f56bfc062723c751e8b465ee728b)  -> (artifact id: '739754ba26515d1f5834c86ab9f74192') in 0.013611 seconds
  Import took 0.018000 seconds .

========================================================================
Received Prepare
Registering precompiled user dll's ...
Registered in 0.004164 seconds.
Begin MonoManager ReloadAssembly
Native extension for WindowsStandalone target not found
Refreshing native plugins compatible for Editor in 0.57 ms, found 3 plugins.
Preloading 0 native plugins for Editor in 0.00 ms.
Mono: successfully reloaded assembly
- Completed reload, in  1.963 seconds
Platform modules already initialized, skipping
Refreshing native plugins compatible for Editor in 0.56 ms, found 3 plugins.
Preloading 0 native plugins for Editor in 0.00 ms.
Unloading 2099 Unused Serialized files (Serialized files now loaded: 0)
System memory in use before: 93.5 MB.
System memory in use after: 93.5 MB.

Unloading 21 unused Assets to reduce memory usage. Loaded Objects now: 2551.
Total: 2.596400 ms (FindLiveObjects: 0.216200 ms CreateObjectMapping: 0.097600 ms MarkObjects: 2.118800 ms  DeleteObjects: 0.162300 ms)

========================================================================
Received Prepare
Registering precompiled user dll's ...
Registered in 0.004068 seconds.
Begin MonoManager ReloadAssembly
Native extension for WindowsStandalone target not found
Refreshing native plugins compatible for Editor in 0.60 ms, found 3 plugins.
Preloading 0 native plugins for Editor in 0.00 ms.
Mono: successfully reloaded assembly
- Completed reload, in  1.754 seconds
Platform modules already initialized, skipping
Refreshing native plugins compatible for Editor in 0.59 ms, found 3 plugins.
Preloading 0 native plugins for Editor in 0.00 ms.
Unloading 2099 Unused Serialized files (Serialized files now loaded: 0)
System memory in use before: 93.6 MB.
System memory in use after: 93.5 MB.

Unloading 21 unused Assets to reduce memory usage. Loaded Objects now: 2555.
Total: 3.383400 ms (FindLiveObjects: 0.289100 ms CreateObjectMapping: 0.213000 ms MarkObjects: 2.732100 ms  DeleteObjects: 0.147200 ms)

========================================================================
Received Import Request.
  Time since last request: 114.875058 seconds.
  path: Assets/Textures/TexturesList.cs
  artifactKey: Guid(23ca9da9733a5444c88cf40c584921f1) Importer(815301076,1909f56bfc062723c751e8b465ee728b)
Start importing Assets/Textures/TexturesList.cs using Guid(23ca9da9733a5444c88cf40c584921f1) Importer(815301076,1909f56bfc062723c751e8b465ee728b)  -> (artifact id: '944c6478862fb32161e3422ef1e7fde2') in 0.007318 seconds
  Import took 0.012347 seconds .

========================================================================
Received Prepare
Registering precompiled user dll's ...
Registered in 0.003911 seconds.
Begin MonoManager ReloadAssembly
Native extension for WindowsStandalone target not found
Refreshing native plugins compatible for Editor in 0.61 ms, found 3 plugins.
Preloading 0 native plugins for Editor in 0.00 ms.
Mono: successfully reloaded assembly
- Completed reload, in  1.630 seconds
Platform modules already initialized, skipping
Refreshing native plugins compatible for Editor in 0.58 ms, found 3 plugins.
Preloading 0 native plugins for Editor in 0.00 ms.
Unloading 2099 Unused Serialized files (Serialized files now loaded: 0)
System memory in use before: 93.6 MB.
System memory in use after: 93.5 MB.

Unloading 21 unused Assets to reduce memory usage. Loaded Objects now: 2559.
Total: 3.105400 ms (FindLiveObjects: 0.268600 ms CreateObjectMapping: 0.199000 ms MarkObjects: 2.485900 ms  DeleteObjects: 0.150500 ms)

AssetImportWorkerClient::OnTransportError - code=2 error=End of file
