Using pre-set license
Built from '2020.3/staging' branch; Version is '2020.3.11f1 (99c7afb366b3) revision 10078127'; Using compiler version '192528614'; Build Type 'Release'
OS: 'Windows 10 Home; OS build 19041.985; Version 2004; 64bit' Language: 'ru' Physical Memory: 8159 MB
BatchMode: 1, IsHumanControllingUs: 0, StartBugReporterOnCrash: 0, Is64bit: 1, IsPro: 0

 COMMAND LINE ARGUMENTS:
C:\Program Files\Unity\Hub\Editor\2020.3.11f1\Editor\Unity.exe
-adb2
-batchMode
-noUpm
-name
AssetImportWorker0
-projectPath
D:/unity/projects/GGJ2021/BattleCity
-logFile
Logs/AssetImportWorker0.log
-srvPort
50318
Successfully changed project path to: D:/unity/projects/GGJ2021/BattleCity
D:/unity/projects/GGJ2021/BattleCity
Using Asset Import Pipeline V2.
Refreshing native plugins compatible for Editor in 398.56 ms, found 3 plugins.
Preloading 0 native plugins for Editor in 0.00 ms.
Initialize engine version: 2020.3.11f1 (99c7afb366b3)
[Subsystems] Discovering subsystems at path C:/Program Files/Unity/Hub/Editor/2020.3.11f1/Editor/Data/Resources/UnitySubsystems
[Subsystems] Discovering subsystems at path D:/unity/projects/GGJ2021/BattleCity/Assets
GfxDevice: creating device client; threaded=0
Direct3D:
    Version:  Direct3D 11.0 [level 11.1]
    Renderer: NVIDIA GeForce GTX 1060 6GB (ID=0x1c03)
    Vendor:   
    VRAM:     6052 MB
    Driver:   27.21.14.6109
Initialize mono
Mono path[0] = 'C:/Program Files/Unity/Hub/Editor/2020.3.11f1/Editor/Data/Managed'
Mono path[1] = 'C:/Program Files/Unity/Hub/Editor/2020.3.11f1/Editor/Data/MonoBleedingEdge/lib/mono/unityjit'
Mono config path = 'C:/Program Files/Unity/Hub/Editor/2020.3.11f1/Editor/Data/MonoBleedingEdge/etc'
Using monoOptions --debugger-agent=transport=dt_socket,embedding=1,server=y,suspend=n,address=127.0.0.1:56324
Begin MonoManager ReloadAssembly
Registering precompiled unity dll's ...
Register platform support module: C:/Program Files/Unity/Hub/Editor/2020.3.11f1/Editor/Data/PlaybackEngines/WindowsStandaloneSupport/UnityEditor.WindowsStandalone.Extensions.dll
Registered in 0.002864 seconds.
Native extension for WindowsStandalone target not found
Refreshing native plugins compatible for Editor in 84.96 ms, found 3 plugins.
Preloading 0 native plugins for Editor in 0.00 ms.
Mono: successfully reloaded assembly
- Completed reload, in  5.655 seconds
Platform modules already initialized, skipping
Registering precompiled user dll's ...
Registered in 0.012246 seconds.
Begin MonoManager ReloadAssembly
Native extension for WindowsStandalone target not found
Refreshing native plugins compatible for Editor in 173.04 ms, found 3 plugins.
Preloading 0 native plugins for Editor in 0.00 ms.
Mono: successfully reloaded assembly
- Completed reload, in  2.564 seconds
Platform modules already initialized, skipping
========================================================================
Worker process is ready to serve import requests
Launched and connected shader compiler UnityShaderCompiler.exe after 0.11 seconds
Refreshing native plugins compatible for Editor in 0.63 ms, found 3 plugins.
Preloading 0 native plugins for Editor in 0.00 ms.
Unloading 2105 Unused Serialized files (Serialized files now loaded: 0)
System memory in use before: 93.6 MB.
System memory in use after: 93.5 MB.

Unloading 33 unused Assets to reduce memory usage. Loaded Objects now: 2540.
Total: 7.706700 ms (FindLiveObjects: 0.473800 ms CreateObjectMapping: 0.161200 ms MarkObjects: 6.781900 ms  DeleteObjects: 0.287100 ms)

========================================================================
Received Import Request.
  path: Assets/BuilderPattern/Base/Base.cs
  artifactKey: Guid(bdce1d98d76def547abc0558ecafc0ac) Importer(815301076,1909f56bfc062723c751e8b465ee728b)
Start importing Assets/BuilderPattern/Base/Base.cs using Guid(bdce1d98d76def547abc0558ecafc0ac) Importer(815301076,1909f56bfc062723c751e8b465ee728b)  -> (artifact id: '1108138b449972616ce34cea2781266d') in 0.084525 seconds
  Import took 0.092628 seconds .

========================================================================
Received Prepare
Registering precompiled user dll's ...
Registered in 0.016467 seconds.
Begin MonoManager ReloadAssembly
Native extension for WindowsStandalone target not found
Refreshing native plugins compatible for Editor in 0.59 ms, found 3 plugins.
Preloading 0 native plugins for Editor in 0.00 ms.
Mono: successfully reloaded assembly
- Completed reload, in  1.821 seconds
Platform modules already initialized, skipping
Refreshing native plugins compatible for Editor in 1.09 ms, found 3 plugins.
Preloading 0 native plugins for Editor in 0.00 ms.
Unloading 2100 Unused Serialized files (Serialized files now loaded: 0)
System memory in use before: 93.5 MB.
System memory in use after: 93.5 MB.

Unloading 21 unused Assets to reduce memory usage. Loaded Objects now: 2544.
Total: 3.949900 ms (FindLiveObjects: 0.298000 ms CreateObjectMapping: 0.209800 ms MarkObjects: 3.258900 ms  DeleteObjects: 0.181200 ms)

========================================================================
Received Import Request.
  Time since last request: 115.923332 seconds.
  path: Assets/BuilderPattern/Base/Base.cs
  artifactKey: Guid(bdce1d98d76def547abc0558ecafc0ac) Importer(815301076,1909f56bfc062723c751e8b465ee728b)
Start importing Assets/BuilderPattern/Base/Base.cs using Guid(bdce1d98d76def547abc0558ecafc0ac) Importer(815301076,1909f56bfc062723c751e8b465ee728b)  -> (artifact id: '813c6870a6ebc2deac644a558e8873a7') in 0.020993 seconds
  Import took 0.026533 seconds .

========================================================================
Received Prepare
Registering precompiled user dll's ...
Registered in 0.016277 seconds.
Begin MonoManager ReloadAssembly
Native extension for WindowsStandalone target not found
Refreshing native plugins compatible for Editor in 0.97 ms, found 3 plugins.
Preloading 0 native plugins for Editor in 0.00 ms.
Mono: successfully reloaded assembly
- Completed reload, in  1.957 seconds
Platform modules already initialized, skipping
Refreshing native plugins compatible for Editor in 0.94 ms, found 3 plugins.
Preloading 0 native plugins for Editor in 0.00 ms.
Unloading 2100 Unused Serialized files (Serialized files now loaded: 0)
System memory in use before: 93.6 MB.
System memory in use after: 93.5 MB.

Unloading 21 unused Assets to reduce memory usage. Loaded Objects now: 2548.
Total: 4.096500 ms (FindLiveObjects: 0.506500 ms CreateObjectMapping: 0.209600 ms MarkObjects: 3.203000 ms  DeleteObjects: 0.175400 ms)

========================================================================
Received Import Request.
  Time since last request: 91.567625 seconds.
  path: Assets/BuilderPattern/Base/Base.cs
  artifactKey: Guid(bdce1d98d76def547abc0558ecafc0ac) Importer(815301076,1909f56bfc062723c751e8b465ee728b)
Start importing Assets/BuilderPattern/Base/Base.cs using Guid(bdce1d98d76def547abc0558ecafc0ac) Importer(815301076,1909f56bfc062723c751e8b465ee728b)  -> (artifact id: '4646d430f2cbb01dc4d582336bd42fff') in 0.013947 seconds
  Import took 0.018885 seconds .

========================================================================
Received Import Request.
  Time since last request: 0.057162 seconds.
  path: Assets/BuilderPattern/Base/Base.cs
  artifactKey: Guid(bdce1d98d76def547abc0558ecafc0ac) Importer(815301076,1909f56bfc062723c751e8b465ee728b)
Start importing Assets/BuilderPattern/Base/Base.cs using Guid(bdce1d98d76def547abc0558ecafc0ac) Importer(815301076,1909f56bfc062723c751e8b465ee728b)  -> (artifact id: '4646d430f2cbb01dc4d582336bd42fff') in 0.006482 seconds
  Import took 0.011635 seconds .

========================================================================
Received Prepare
Registering precompiled user dll's ...
Registered in 0.004559 seconds.
Begin MonoManager ReloadAssembly
Native extension for WindowsStandalone target not found
Refreshing native plugins compatible for Editor in 0.92 ms, found 3 plugins.
Preloading 0 native plugins for Editor in 0.00 ms.
Mono: successfully reloaded assembly
- Completed reload, in  1.807 seconds
Platform modules already initialized, skipping
Refreshing native plugins compatible for Editor in 0.74 ms, found 3 plugins.
Preloading 0 native plugins for Editor in 0.00 ms.
Unloading 2100 Unused Serialized files (Serialized files now loaded: 0)
System memory in use before: 93.6 MB.
System memory in use after: 93.6 MB.

Unloading 21 unused Assets to reduce memory usage. Loaded Objects now: 2552.
Total: 3.872800 ms (FindLiveObjects: 0.214500 ms CreateObjectMapping: 0.095600 ms MarkObjects: 3.369400 ms  DeleteObjects: 0.191400 ms)

========================================================================
Received Import Request.
  Time since last request: 493.039868 seconds.
  path: Assets/BuilderPattern/Base/Base.cs
  artifactKey: Guid(bdce1d98d76def547abc0558ecafc0ac) Importer(815301076,1909f56bfc062723c751e8b465ee728b)
Start importing Assets/BuilderPattern/Base/Base.cs using Guid(bdce1d98d76def547abc0558ecafc0ac) Importer(815301076,1909f56bfc062723c751e8b465ee728b)  -> (artifact id: 'c6d79bc1dac248cb18297465b7efe4f4') in 0.006472 seconds
  Import took 0.010793 seconds .

========================================================================
Received Prepare
Registering precompiled user dll's ...
Registered in 0.005621 seconds.
Begin MonoManager ReloadAssembly
Native extension for WindowsStandalone target not found
Refreshing native plugins compatible for Editor in 0.64 ms, found 3 plugins.
Preloading 0 native plugins for Editor in 0.00 ms.
Mono: successfully reloaded assembly
- Completed reload, in  1.698 seconds
Platform modules already initialized, skipping
Refreshing native plugins compatible for Editor in 0.87 ms, found 3 plugins.
Preloading 0 native plugins for Editor in 0.00 ms.
Unloading 2100 Unused Serialized files (Serialized files now loaded: 0)
System memory in use before: 93.6 MB.
System memory in use after: 93.6 MB.

Unloading 21 unused Assets to reduce memory usage. Loaded Objects now: 2556.
Total: 2.715200 ms (FindLiveObjects: 0.219600 ms CreateObjectMapping: 0.100800 ms MarkObjects: 2.252000 ms  DeleteObjects: 0.141500 ms)

========================================================================
Received Prepare
Registering precompiled user dll's ...
Registered in 0.005072 seconds.
Begin MonoManager ReloadAssembly
Native extension for WindowsStandalone target not found
Refreshing native plugins compatible for Editor in 1.03 ms, found 3 plugins.
Preloading 0 native plugins for Editor in 0.00 ms.
Mono: successfully reloaded assembly
- Completed reload, in  1.885 seconds
Platform modules already initialized, skipping
Refreshing native plugins compatible for Editor in 0.59 ms, found 3 plugins.
Preloading 0 native plugins for Editor in 0.00 ms.
Unloading 2100 Unused Serialized files (Serialized files now loaded: 0)
System memory in use before: 93.6 MB.
System memory in use after: 93.6 MB.

Unloading 21 unused Assets to reduce memory usage. Loaded Objects now: 2560.
Total: 3.306000 ms (FindLiveObjects: 0.288700 ms CreateObjectMapping: 0.184500 ms MarkObjects: 2.683600 ms  DeleteObjects: 0.147700 ms)

========================================================================
Received Prepare
Registering precompiled user dll's ...
Registered in 0.004009 seconds.
Begin MonoManager ReloadAssembly
Native extension for WindowsStandalone target not found
Refreshing native plugins compatible for Editor in 0.60 ms, found 3 plugins.
Preloading 0 native plugins for Editor in 0.00 ms.
Mono: successfully reloaded assembly
- Completed reload, in  1.616 seconds
Platform modules already initialized, skipping
Refreshing native plugins compatible for Editor in 0.58 ms, found 3 plugins.
Preloading 0 native plugins for Editor in 0.00 ms.
Unloading 2100 Unused Serialized files (Serialized files now loaded: 0)
System memory in use before: 93.6 MB.
System memory in use after: 93.6 MB.

Unloading 21 unused Assets to reduce memory usage. Loaded Objects now: 2564.
Total: 3.346100 ms (FindLiveObjects: 0.237300 ms CreateObjectMapping: 0.136600 ms MarkObjects: 2.824800 ms  DeleteObjects: 0.145500 ms)

========================================================================
Received Prepare
Registering precompiled user dll's ...
Registered in 0.007535 seconds.
Begin MonoManager ReloadAssembly
Native extension for WindowsStandalone target not found
Refreshing native plugins compatible for Editor in 0.81 ms, found 3 plugins.
Preloading 0 native plugins for Editor in 0.00 ms.
Mono: successfully reloaded assembly
- Completed reload, in  1.661 seconds
Platform modules already initialized, skipping
Refreshing native plugins compatible for Editor in 0.58 ms, found 3 plugins.
Preloading 0 native plugins for Editor in 0.00 ms.
Unloading 2100 Unused Serialized files (Serialized files now loaded: 0)
System memory in use before: 93.6 MB.
System memory in use after: 93.6 MB.

Unloading 21 unused Assets to reduce memory usage. Loaded Objects now: 2568.
Total: 3.267600 ms (FindLiveObjects: 0.250300 ms CreateObjectMapping: 0.139800 ms MarkObjects: 2.727800 ms  DeleteObjects: 0.147900 ms)

========================================================================
Received Prepare
Registering precompiled user dll's ...
Registered in 0.004776 seconds.
Begin MonoManager ReloadAssembly
Native extension for WindowsStandalone target not found
Refreshing native plugins compatible for Editor in 0.59 ms, found 3 plugins.
Preloading 0 native plugins for Editor in 0.00 ms.
Mono: successfully reloaded assembly
- Completed reload, in  1.686 seconds
Platform modules already initialized, skipping
Refreshing native plugins compatible for Editor in 0.60 ms, found 3 plugins.
Preloading 0 native plugins for Editor in 0.00 ms.
Unloading 2100 Unused Serialized files (Serialized files now loaded: 0)
System memory in use before: 93.6 MB.
System memory in use after: 93.6 MB.

Unloading 21 unused Assets to reduce memory usage. Loaded Objects now: 2572.
Total: 3.221400 ms (FindLiveObjects: 0.265600 ms CreateObjectMapping: 0.171100 ms MarkObjects: 2.642000 ms  DeleteObjects: 0.140900 ms)

========================================================================
Received Import Request.
  Time since last request: 915.351650 seconds.
  path: Assets/Map/Base.prefab
  artifactKey: Guid(b6fff19366c36c84f975befa83257daa) Importer(815301076,1909f56bfc062723c751e8b465ee728b)
Start importing Assets/Map/Base.prefab using Guid(b6fff19366c36c84f975befa83257daa) Importer(815301076,1909f56bfc062723c751e8b465ee728b)  -> (artifact id: '7aacdd4bbe8bd9616c11c12fd8b08065') in 0.143913 seconds
  Import took 0.150845 seconds .

========================================================================
Received Prepare
Registering precompiled user dll's ...
Registered in 0.007271 seconds.
Begin MonoManager ReloadAssembly
Native extension for WindowsStandalone target not found
Refreshing native plugins compatible for Editor in 0.59 ms, found 3 plugins.
Preloading 0 native plugins for Editor in 0.00 ms.
Mono: successfully reloaded assembly
- Completed reload, in  1.655 seconds
Platform modules already initialized, skipping
Refreshing native plugins compatible for Editor in 0.60 ms, found 3 plugins.
Preloading 0 native plugins for Editor in 0.00 ms.
Unloading 2100 Unused Serialized files (Serialized files now loaded: 0)
System memory in use before: 96.6 MB.
System memory in use after: 96.6 MB.

Unloading 22 unused Assets to reduce memory usage. Loaded Objects now: 2584.
Total: 3.251300 ms (FindLiveObjects: 0.278500 ms CreateObjectMapping: 0.173800 ms MarkObjects: 2.577300 ms  DeleteObjects: 0.219900 ms)

========================================================================
Received Import Request.
  Time since last request: 11.002879 seconds.
  path: Assets/Map/Base.prefab
  artifactKey: Guid(b6fff19366c36c84f975befa83257daa) Importer(815301076,1909f56bfc062723c751e8b465ee728b)
Start importing Assets/Map/Base.prefab using Guid(b6fff19366c36c84f975befa83257daa) Importer(815301076,1909f56bfc062723c751e8b465ee728b)  -> (artifact id: '625ce9e532878b27a5db65a067a2fb4f') in 0.079490 seconds
  Import took 0.084557 seconds .

========================================================================
Received Prepare
Registering precompiled user dll's ...
Registered in 0.004123 seconds.
Begin MonoManager ReloadAssembly
Native extension for WindowsStandalone target not found
Refreshing native plugins compatible for Editor in 0.56 ms, found 3 plugins.
Preloading 0 native plugins for Editor in 0.00 ms.
Mono: successfully reloaded assembly
- Completed reload, in  1.784 seconds
Platform modules already initialized, skipping
Refreshing native plugins compatible for Editor in 0.61 ms, found 3 plugins.
Preloading 0 native plugins for Editor in 0.00 ms.
Unloading 2100 Unused Serialized files (Serialized files now loaded: 0)
System memory in use before: 96.6 MB.
System memory in use after: 96.6 MB.

Unloading 22 unused Assets to reduce memory usage. Loaded Objects now: 2589.
Total: 3.189200 ms (FindLiveObjects: 0.268600 ms CreateObjectMapping: 0.176200 ms MarkObjects: 2.594000 ms  DeleteObjects: 0.149000 ms)

========================================================================
Received Prepare
Registering precompiled user dll's ...
Registered in 0.005039 seconds.
Begin MonoManager ReloadAssembly
Native extension for WindowsStandalone target not found
Refreshing native plugins compatible for Editor in 0.79 ms, found 3 plugins.
Preloading 0 native plugins for Editor in 0.00 ms.
Mono: successfully reloaded assembly
- Completed reload, in  1.584 seconds
Platform modules already initialized, skipping
Refreshing native plugins compatible for Editor in 0.58 ms, found 3 plugins.
Preloading 0 native plugins for Editor in 0.00 ms.
Unloading 2100 Unused Serialized files (Serialized files now loaded: 0)
System memory in use before: 96.7 MB.
System memory in use after: 96.6 MB.

Unloading 21 unused Assets to reduce memory usage. Loaded Objects now: 2593.
Total: 4.030000 ms (FindLiveObjects: 0.343800 ms CreateObjectMapping: 0.223900 ms MarkObjects: 3.263500 ms  DeleteObjects: 0.196600 ms)

========================================================================
Received Prepare
Registering precompiled user dll's ...
Registered in 0.003957 seconds.
Begin MonoManager ReloadAssembly
Native extension for WindowsStandalone target not found
Refreshing native plugins compatible for Editor in 0.56 ms, found 3 plugins.
Preloading 0 native plugins for Editor in 0.00 ms.
Mono: successfully reloaded assembly
- Completed reload, in  1.729 seconds
Platform modules already initialized, skipping
Refreshing native plugins compatible for Editor in 0.61 ms, found 3 plugins.
Preloading 0 native plugins for Editor in 0.00 ms.
Unloading 2100 Unused Serialized files (Serialized files now loaded: 0)
System memory in use before: 96.7 MB.
System memory in use after: 96.6 MB.

Unloading 21 unused Assets to reduce memory usage. Loaded Objects now: 2597.
Total: 2.754800 ms (FindLiveObjects: 0.225000 ms CreateObjectMapping: 0.100400 ms MarkObjects: 2.223700 ms  DeleteObjects: 0.203600 ms)

========================================================================
Received Prepare
Registering precompiled user dll's ...
Registered in 0.004368 seconds.
Begin MonoManager ReloadAssembly
Native extension for WindowsStandalone target not found
Refreshing native plugins compatible for Editor in 0.65 ms, found 3 plugins.
Preloading 0 native plugins for Editor in 0.00 ms.
Mono: successfully reloaded assembly
- Completed reload, in  1.542 seconds
Platform modules already initialized, skipping
Refreshing native plugins compatible for Editor in 0.59 ms, found 3 plugins.
Preloading 0 native plugins for Editor in 0.00 ms.
Unloading 2100 Unused Serialized files (Serialized files now loaded: 0)
System memory in use before: 96.7 MB.
System memory in use after: 96.7 MB.

Unloading 21 unused Assets to reduce memory usage. Loaded Objects now: 2601.
Total: 3.747500 ms (FindLiveObjects: 0.272100 ms CreateObjectMapping: 0.179300 ms MarkObjects: 3.138800 ms  DeleteObjects: 0.155600 ms)

========================================================================
Received Prepare
Registering precompiled user dll's ...
Registered in 0.004060 seconds.
Begin MonoManager ReloadAssembly
Native extension for WindowsStandalone target not found
Refreshing native plugins compatible for Editor in 0.60 ms, found 3 plugins.
Preloading 0 native plugins for Editor in 0.00 ms.
Mono: successfully reloaded assembly
- Completed reload, in  1.640 seconds
Platform modules already initialized, skipping
Refreshing native plugins compatible for Editor in 0.58 ms, found 3 plugins.
Preloading 0 native plugins for Editor in 0.00 ms.
Unloading 2100 Unused Serialized files (Serialized files now loaded: 0)
System memory in use before: 96.7 MB.
System memory in use after: 96.7 MB.

Unloading 21 unused Assets to reduce memory usage. Loaded Objects now: 2605.
Total: 3.480800 ms (FindLiveObjects: 0.396000 ms CreateObjectMapping: 0.125600 ms MarkObjects: 2.760800 ms  DeleteObjects: 0.195100 ms)

========================================================================
Received Prepare
Registering precompiled user dll's ...
Registered in 0.004362 seconds.
Begin MonoManager ReloadAssembly
Native extension for WindowsStandalone target not found
Refreshing native plugins compatible for Editor in 0.59 ms, found 3 plugins.
Preloading 0 native plugins for Editor in 0.00 ms.
Mono: successfully reloaded assembly
- Completed reload, in  2.230 seconds
Platform modules already initialized, skipping
Refreshing native plugins compatible for Editor in 1.04 ms, found 3 plugins.
Preloading 0 native plugins for Editor in 0.00 ms.
Unloading 2100 Unused Serialized files (Serialized files now loaded: 0)
System memory in use before: 96.7 MB.
System memory in use after: 96.7 MB.

Unloading 21 unused Assets to reduce memory usage. Loaded Objects now: 2609.
Total: 6.297300 ms (FindLiveObjects: 0.521900 ms CreateObjectMapping: 0.342200 ms MarkObjects: 5.222100 ms  DeleteObjects: 0.208700 ms)

========================================================================
Received Prepare
Registering precompiled user dll's ...
Registered in 0.005384 seconds.
Begin MonoManager ReloadAssembly
Native extension for WindowsStandalone target not found
Refreshing native plugins compatible for Editor in 0.60 ms, found 3 plugins.
Preloading 0 native plugins for Editor in 0.00 ms.
Mono: successfully reloaded assembly
- Completed reload, in  1.722 seconds
Platform modules already initialized, skipping
Refreshing native plugins compatible for Editor in 0.73 ms, found 3 plugins.
Preloading 0 native plugins for Editor in 0.00 ms.
Unloading 2100 Unused Serialized files (Serialized files now loaded: 0)
System memory in use before: 96.7 MB.
System memory in use after: 96.7 MB.

Unloading 21 unused Assets to reduce memory usage. Loaded Objects now: 2613.
Total: 4.325000 ms (FindLiveObjects: 0.296400 ms CreateObjectMapping: 0.195200 ms MarkObjects: 3.553300 ms  DeleteObjects: 0.277700 ms)

========================================================================
Received Prepare
Registering precompiled user dll's ...
Registered in 0.004111 seconds.
Begin MonoManager ReloadAssembly
Native extension for WindowsStandalone target not found
Refreshing native plugins compatible for Editor in 0.58 ms, found 3 plugins.
Preloading 0 native plugins for Editor in 0.00 ms.
Mono: successfully reloaded assembly
- Completed reload, in  1.673 seconds
Platform modules already initialized, skipping
Refreshing native plugins compatible for Editor in 0.60 ms, found 3 plugins.
Preloading 0 native plugins for Editor in 0.00 ms.
Unloading 2100 Unused Serialized files (Serialized files now loaded: 0)
System memory in use before: 96.7 MB.
System memory in use after: 96.7 MB.

Unloading 21 unused Assets to reduce memory usage. Loaded Objects now: 2617.
Total: 3.293400 ms (FindLiveObjects: 0.276600 ms CreateObjectMapping: 0.175300 ms MarkObjects: 2.692300 ms  DeleteObjects: 0.147700 ms)

========================================================================
Received Prepare
Registering precompiled user dll's ...
Registered in 0.006021 seconds.
Begin MonoManager ReloadAssembly
Native extension for WindowsStandalone target not found
Refreshing native plugins compatible for Editor in 0.60 ms, found 3 plugins.
Preloading 0 native plugins for Editor in 0.00 ms.
Mono: successfully reloaded assembly
- Completed reload, in  1.679 seconds
Platform modules already initialized, skipping
Refreshing native plugins compatible for Editor in 0.61 ms, found 3 plugins.
Preloading 0 native plugins for Editor in 0.00 ms.
Unloading 2100 Unused Serialized files (Serialized files now loaded: 0)
System memory in use before: 96.7 MB.
System memory in use after: 96.7 MB.

Unloading 21 unused Assets to reduce memory usage. Loaded Objects now: 2621.
Total: 3.249500 ms (FindLiveObjects: 0.298100 ms CreateObjectMapping: 0.190100 ms MarkObjects: 2.596200 ms  DeleteObjects: 0.163600 ms)

========================================================================
Received Prepare
Registering precompiled user dll's ...
Registered in 0.004168 seconds.
Begin MonoManager ReloadAssembly
Native extension for WindowsStandalone target not found
Refreshing native plugins compatible for Editor in 0.76 ms, found 3 plugins.
Preloading 0 native plugins for Editor in 0.00 ms.
Mono: successfully reloaded assembly
- Completed reload, in  1.669 seconds
Platform modules already initialized, skipping
Refreshing native plugins compatible for Editor in 0.78 ms, found 3 plugins.
Preloading 0 native plugins for Editor in 0.00 ms.
Unloading 2100 Unused Serialized files (Serialized files now loaded: 0)
System memory in use before: 96.7 MB.
System memory in use after: 96.7 MB.

Unloading 21 unused Assets to reduce memory usage. Loaded Objects now: 2625.
Total: 3.227500 ms (FindLiveObjects: 0.279000 ms CreateObjectMapping: 0.181600 ms MarkObjects: 2.606900 ms  DeleteObjects: 0.158000 ms)

========================================================================
Received Prepare
Registering precompiled user dll's ...
Registered in 0.004770 seconds.
Begin MonoManager ReloadAssembly
Native extension for WindowsStandalone target not found
Refreshing native plugins compatible for Editor in 0.77 ms, found 3 plugins.
Preloading 0 native plugins for Editor in 0.00 ms.
Mono: successfully reloaded assembly
- Completed reload, in  1.829 seconds
Platform modules already initialized, skipping
Refreshing native plugins compatible for Editor in 0.57 ms, found 3 plugins.
Preloading 0 native plugins for Editor in 0.00 ms.
Unloading 2100 Unused Serialized files (Serialized files now loaded: 0)
System memory in use before: 96.7 MB.
System memory in use after: 96.7 MB.

Unloading 21 unused Assets to reduce memory usage. Loaded Objects now: 2629.
Total: 3.279500 ms (FindLiveObjects: 0.279100 ms CreateObjectMapping: 0.107100 ms MarkObjects: 2.725500 ms  DeleteObjects: 0.165800 ms)

========================================================================
Received Prepare
Registering precompiled user dll's ...
Registered in 0.004155 seconds.
Begin MonoManager ReloadAssembly
Native extension for WindowsStandalone target not found
Refreshing native plugins compatible for Editor in 0.67 ms, found 3 plugins.
Preloading 0 native plugins for Editor in 0.00 ms.
Mono: successfully reloaded assembly
- Completed reload, in  2.031 seconds
Platform modules already initialized, skipping
Refreshing native plugins compatible for Editor in 0.59 ms, found 3 plugins.
Preloading 0 native plugins for Editor in 0.00 ms.
Unloading 2100 Unused Serialized files (Serialized files now loaded: 0)
System memory in use before: 96.7 MB.
System memory in use after: 96.7 MB.

Unloading 21 unused Assets to reduce memory usage. Loaded Objects now: 2633.
Total: 3.388000 ms (FindLiveObjects: 0.326100 ms CreateObjectMapping: 0.196400 ms MarkObjects: 2.702200 ms  DeleteObjects: 0.161900 ms)

========================================================================
Received Prepare
Registering precompiled user dll's ...
Registered in 0.011582 seconds.
Begin MonoManager ReloadAssembly
Native extension for WindowsStandalone target not found
Refreshing native plugins compatible for Editor in 0.59 ms, found 3 plugins.
Preloading 0 native plugins for Editor in 0.00 ms.
Mono: successfully reloaded assembly
- Completed reload, in  1.718 seconds
Platform modules already initialized, skipping
Refreshing native plugins compatible for Editor in 0.59 ms, found 3 plugins.
Preloading 0 native plugins for Editor in 0.00 ms.
Unloading 2100 Unused Serialized files (Serialized files now loaded: 0)
System memory in use before: 96.7 MB.
System memory in use after: 96.7 MB.

Unloading 21 unused Assets to reduce memory usage. Loaded Objects now: 2637.
Total: 3.399000 ms (FindLiveObjects: 0.259500 ms CreateObjectMapping: 0.124600 ms MarkObjects: 2.860700 ms  DeleteObjects: 0.152100 ms)

AssetImportWorkerClient::OnTransportError - code=2 error=End of file
